2019/07/29 13:35:25 Starting bot v.1.2.1...
2019/07/29 13:35:25 Mattermost server http://192.168.3.182:8065 pinged successfully.
2019/07/29 13:35:25 Bot logged into the Mattermost server successfully.
2019/07/29 13:35:25 Bot has started.
2019/07/29 13:35:25 Bot has started.
2019/07/29 13:35:25 Created database table for booking.
2019/07/29 13:37:15 Starting bot v.1.2.1...
2019/07/29 13:37:15 Mattermost server http://192.168.3.182:8065 pinged successfully.
2019/07/29 13:37:15 Bot logged into the Mattermost server successfully.
2019/07/29 13:37:15 Bot has started.
2019/07/29 13:37:15 Bot has started.
2019/07/29 13:37:15 Created database table for booking.
2019/07/29 13:37:30 Message sent.
2019/07/29 13:37:49 Message sent.
2019/07/29 13:39:28 Starting bot v.1.2.1...
2019/07/29 13:39:28 Mattermost server http://192.168.3.182:8065 pinged successfully.
2019/07/29 13:39:28 Bot logged into the Mattermost server successfully.
2019/07/29 13:39:29 Bot has started.
2019/07/29 13:39:29 Bot has started.
2019/07/29 13:39:29 Created database table for booking.
2019/07/29 13:39:36 Message sent.
2019/07/29 13:40:39 Starting bot v.1.2.1...
2019/07/29 13:40:39 Mattermost server http://192.168.3.182:8065 pinged successfully.
2019/07/29 13:40:39 Bot logged into the Mattermost server successfully.
2019/07/29 13:40:39 Bot has started.
2019/07/29 13:40:39 Bot has started.
2019/07/29 13:40:39 Created database table for booking.
2019/07/29 13:40:42 Message sent.
2019/07/29 13:41:33 Message sent.
2019/07/29 13:44:14 Starting bot v.1.2.1...
2019/07/29 13:44:14 Mattermost server http://192.168.3.182:8065 pinged successfully.
2019/07/29 13:44:14 Bot logged into the Mattermost server successfully.
2019/07/29 13:44:14 Bot has started.
2019/07/29 13:44:14 Bot has started.
2019/07/29 13:44:14 Created database table for booking.
2019/07/29 13:44:34 Starting bot v.1.2.1...
2019/07/29 13:44:34 Mattermost server http://192.168.3.182:8065 pinged successfully.
2019/07/29 13:44:34 Bot logged into the Mattermost server successfully.
2019/07/29 13:44:34 Bot has started.
2019/07/29 13:44:34 Bot has started.
2019/07/29 13:44:34 Created database table for booking.
2019/07/29 13:46:12 Starting bot v.1.2.1...
2019/07/29 13:46:12 Mattermost server http://192.168.3.182:8065 pinged successfully.
2019/07/29 13:46:13 Bot logged into the Mattermost server successfully.
2019/07/29 13:46:13 Bot has started.
2019/07/29 13:46:13 Bot has started.
2019/07/29 13:46:13 Created database table for booking.
2019/07/29 13:46:13 Message sent.
2019/07/29 13:50:19 Starting bot v.1.2.1...
2019/07/29 13:50:19 Mattermost server http://192.168.3.182:8065 pinged successfully.
2019/07/29 13:50:19 Bot logged into the Mattermost server successfully.
2019/07/29 13:50:19 Bot has started.
2019/07/29 13:50:19 Bot has started.
2019/07/29 13:50:19 Created database table for booking.
2019/07/29 13:50:21 Message sent.
2019/07/29 14:19:20 Starting bot v.1.2.1...
2019/07/29 14:19:20 Mattermost server http://192.168.3.182:8065 pinged successfully.
2019/07/29 14:19:20 Bot logged into the Mattermost server successfully.
2019/07/29 14:19:21 Bot has started.
2019/07/29 14:19:21 Bot has started.
2019/07/29 14:19:21 Created database table for booking.
2019/07/29 14:19:30 Message sent.
2019/07/29 14:20:01 Message sent.
2019/07/29 14:20:34 Starting bot v.1.2.1...
2019/07/29 14:20:34 Mattermost server http://192.168.3.182:8065 pinged successfully.
2019/07/29 14:20:34 Bot logged into the Mattermost server successfully.
2019/07/29 14:20:34 Bot has started.
2019/07/29 14:20:34 Bot has started.
2019/07/29 14:20:34 Created database table for booking.
2019/07/29 14:21:10 Starting bot v.1.2.1...
2019/07/29 14:21:10 Mattermost server http://192.168.3.182:8065 pinged successfully.
2019/07/29 14:21:10 Bot logged into the Mattermost server successfully.
2019/07/29 14:21:10 Bot has started.
2019/07/29 14:21:10 Bot has started.
2019/07/29 14:21:10 Created database table for booking.
2019/07/29 14:21:12 Message sent.
2019/07/29 14:21:17 Message sent.
2019/07/29 14:21:26 Message sent.
2019/07/29 14:23:15 Starting bot v.1.2.1...
2019/07/29 14:23:15 Mattermost server http://192.168.3.182:8065 pinged successfully.
2019/07/29 14:23:15 Bot logged into the Mattermost server successfully.
2019/07/29 14:23:15 Bot has started.
2019/07/29 14:23:15 Bot has started.
2019/07/29 14:23:15 Created database table for booking.
2019/07/29 14:23:20 Message sent.
2019/07/29 14:23:41 Message sent.
2019/07/29 14:26:07 Starting bot v.1.2.1...
2019/07/29 14:26:07 Mattermost server http://192.168.3.182:8065 pinged successfully.
2019/07/29 14:26:07 Bot logged into the Mattermost server successfully.
2019/07/29 14:26:07 Bot has started.
2019/07/29 14:26:07 Bot has started.
2019/07/29 14:26:07 Created database table for booking.
2019/07/29 14:26:12 Message sent.
2019/07/29 14:27:40 Starting bot v.1.2.1...
2019/07/29 14:27:40 Mattermost server http://192.168.3.182:8065 pinged successfully.
2019/07/29 14:27:40 Bot logged into the Mattermost server successfully.
2019/07/29 14:27:40 Bot has started.
2019/07/29 14:27:40 Bot has started.
2019/07/29 14:27:40 Created database table for booking.
2019/07/29 14:28:27 Message sent.
2019/07/29 14:32:58 Starting bot v.1.2.1...
2019/07/29 14:32:58 Mattermost server http://192.168.3.182:8065 pinged successfully.
2019/07/29 14:32:58 Bot logged into the Mattermost server successfully.
2019/07/29 14:32:58 Bot has started.
2019/07/29 14:32:58 Bot has started.
2019/07/29 14:32:58 Created database table for booking.
2019/07/29 14:33:35 Message sent.
2019/07/29 14:34:26 Starting bot v.1.2.1...
2019/07/29 14:34:26 Mattermost server http://192.168.3.182:8065 pinged successfully.
2019/07/29 14:34:26 Bot logged into the Mattermost server successfully.
2019/07/29 14:34:26 Bot has started.
2019/07/29 14:34:26 Bot has started.
2019/07/29 14:34:26 Created database table for booking.
2019/07/29 14:34:29 Message sent.
2019/07/29 14:39:16 Starting bot v.1.2.1...
2019/07/29 14:39:16 Mattermost server http://192.168.3.182:8065 pinged successfully.
2019/07/29 14:39:16 Bot logged into the Mattermost server successfully.
2019/07/29 14:39:16 Bot has started.
2019/07/29 14:39:16 Bot has started.
2019/07/29 14:39:16 Created database table for booking.
2019/07/29 14:39:19 Message sent.
2019/07/29 14:41:30 Starting bot v.1.2.1...
2019/07/29 14:41:30 Mattermost server http://192.168.3.182:8065 pinged successfully.
2019/07/29 14:41:31 Bot logged into the Mattermost server successfully.
2019/07/29 14:41:31 Bot has started.
2019/07/29 14:41:31 Bot has started.
2019/07/29 14:41:31 Created database table for booking.
2019/07/29 14:41:35 Message sent.
2019/07/29 14:43:32 Starting bot v.1.2.1...
2019/07/29 14:43:32 Mattermost server http://192.168.3.182:8065 pinged successfully.
2019/07/29 14:43:33 Bot logged into the Mattermost server successfully.
2019/07/29 14:43:33 Bot has started.
2019/07/29 14:43:33 Bot has started.
2019/07/29 14:43:33 Created database table for booking.
2019/07/29 14:43:36 Message sent.
2019/07/29 14:44:10 Starting bot v.1.2.1...
2019/07/29 14:44:10 Mattermost server http://192.168.3.182:8065 pinged successfully.
2019/07/29 14:44:10 Bot logged into the Mattermost server successfully.
2019/07/29 14:44:10 Bot has started.
2019/07/29 14:44:10 Bot has started.
2019/07/29 14:44:10 Created database table for booking.
2019/07/29 14:44:12 Message sent.
2019/07/29 14:46:09 Starting bot v.1.2.1...
2019/07/29 14:46:09 Mattermost server http://192.168.3.182:8065 pinged successfully.
2019/07/29 14:46:09 Bot logged into the Mattermost server successfully.
2019/07/29 14:46:09 Bot has started.
2019/07/29 14:46:09 Bot has started.
2019/07/29 14:46:09 Created database table for booking.
2019/07/29 14:46:12 Message sent.
2019/07/29 14:47:32 Starting bot v.1.2.1...
2019/07/29 14:47:32 Mattermost server http://192.168.3.182:8065 pinged successfully.
2019/07/29 14:47:32 Bot logged into the Mattermost server successfully.
2019/07/29 14:47:32 Bot has started.
2019/07/29 14:47:32 Bot has started.
2019/07/29 14:47:32 Created database table for booking.
2019/07/29 14:47:38 Message sent.
2019/07/29 14:48:21 Starting bot v.1.2.1...
2019/07/29 14:48:21 Mattermost server http://192.168.3.182:8065 pinged successfully.
2019/07/29 14:48:21 Bot logged into the Mattermost server successfully.
2019/07/29 14:48:21 Bot has started.
2019/07/29 14:48:21 Bot has started.
2019/07/29 14:48:21 Created database table for booking.
2019/07/29 14:48:23 Message sent.
2019/07/29 14:49:35 Starting bot v.1.2.1...
2019/07/29 14:49:35 Mattermost server http://192.168.3.182:8065 pinged successfully.
2019/07/29 14:49:35 Bot logged into the Mattermost server successfully.
2019/07/29 14:49:35 Bot has started.
2019/07/29 14:49:35 Bot has started.
2019/07/29 14:49:35 Created database table for booking.
2019/07/29 14:49:38 Message sent.
2019/07/29 14:51:05 Starting bot v.1.2.1...
2019/07/29 14:51:05 Mattermost server http://192.168.3.182:8065 pinged successfully.
2019/07/29 14:51:05 Bot logged into the Mattermost server successfully.
2019/07/29 14:51:05 Bot has started.
2019/07/29 14:51:05 Bot has started.
2019/07/29 14:51:05 Created database table for booking.
2019/07/29 14:51:09 Message sent.
2019/07/29 14:54:39 Starting bot v.1.2.1...
2019/07/29 14:54:39 Mattermost server http://192.168.3.182:8065 pinged successfully.
2019/07/29 14:54:39 Bot logged into the Mattermost server successfully.
2019/07/29 14:54:39 Bot has started.
2019/07/29 14:54:39 Bot has started.
2019/07/29 14:54:39 Created database table for booking.
2019/07/29 14:54:51 Message sent.
2019/07/29 14:55:17 Starting bot v.1.2.1...
2019/07/29 14:55:17 Mattermost server http://192.168.3.182:8065 pinged successfully.
2019/07/29 14:55:17 Bot logged into the Mattermost server successfully.
2019/07/29 14:55:17 Bot has started.
2019/07/29 14:55:17 Bot has started.
2019/07/29 14:55:17 Created database table for booking.
2019/07/29 14:55:21 Message sent.
2019/07/29 14:55:59 Starting bot v.1.2.1...
2019/07/29 14:55:59 Mattermost server http://192.168.3.182:8065 pinged successfully.
2019/07/29 14:56:00 Bot logged into the Mattermost server successfully.
2019/07/29 14:56:00 Bot has started.
2019/07/29 14:56:00 Bot has started.
2019/07/29 14:56:00 Created database table for booking.
2019/07/29 14:56:09 Message sent.
2019/07/29 14:56:36 Starting bot v.1.2.1...
2019/07/29 14:56:36 Mattermost server http://192.168.3.182:8065 pinged successfully.
2019/07/29 14:56:36 Bot logged into the Mattermost server successfully.
2019/07/29 14:56:36 Bot has started.
2019/07/29 14:56:36 Bot has started.
2019/07/29 14:56:36 Created database table for booking.
2019/07/29 14:59:40 Starting bot v.1.2.1...
2019/07/29 14:59:40 Mattermost server http://192.168.3.182:8065 pinged successfully.
2019/07/29 14:59:40 Bot logged into the Mattermost server successfully.
2019/07/29 14:59:40 Bot has started.
2019/07/29 14:59:40 Bot has started.
2019/07/29 14:59:40 Created database table for booking.
2019/07/29 15:00:17 Starting bot v.1.2.1...
2019/07/29 15:00:17 Mattermost server http://192.168.3.182:8065 pinged successfully.
2019/07/29 15:00:17 Bot logged into the Mattermost server successfully.
2019/07/29 15:00:17 Bot has started.
2019/07/29 15:00:17 Bot has started.
2019/07/29 15:00:17 Created database table for booking.
2019/07/29 15:00:23 Message sent.
2019/07/29 15:01:21 Starting bot v.1.2.1...
2019/07/29 15:01:21 Mattermost server http://192.168.3.182:8065 pinged successfully.
2019/07/29 15:01:21 Bot logged into the Mattermost server successfully.
2019/07/29 15:01:21 Bot has started.
2019/07/29 15:01:21 Bot has started.
2019/07/29 15:01:21 Created database table for booking.
2019/07/29 15:01:23 Message sent.
2019/07/29 15:01:40 Starting bot v.1.2.1...
2019/07/29 15:01:40 Mattermost server http://192.168.3.182:8065 pinged successfully.
2019/07/29 15:01:40 Bot logged into the Mattermost server successfully.
2019/07/29 15:01:40 Bot has started.
2019/07/29 15:01:40 Bot has started.
2019/07/29 15:01:40 Created database table for booking.
2019/07/29 15:01:43 Message sent.
2019/07/29 15:01:50 Message sent.
2019/07/29 15:03:12 Message sent.
2019/07/29 15:03:45 Message sent.
