2019/07/31 09:10:12 Starting bot v.1.3.0...
2019/07/31 09:10:12 Mattermost server http://192.168.3.182:8065 pinged successfully.
2019/07/31 09:10:12 Bot logged into the Mattermost server successfully.
2019/07/31 09:10:12 Bot has started.
2019/07/31 09:10:12 Bot has started.
2019/07/31 09:10:12 Created database table for booking.
2019/07/31 09:10:25 Message sent.
2019/07/31 09:17:13 Message sent.
2019/07/31 09:18:50 Message sent.
2019/07/31 09:19:37 Message sent.
2019/07/31 09:19:47 Message sent.
2019/07/31 09:19:58 Message sent.
2019/07/31 09:20:20 Message sent.
2019/07/31 09:20:28 Message sent.
2019/07/31 09:20:33 Message sent.
2019/07/31 09:21:01 Message sent.
2019/07/31 09:21:05 Message sent.
2019/07/31 09:21:14 Message sent.
2019/07/31 09:21:39 Message sent.
2019/07/31 09:21:45 Message sent.
2019/07/31 09:22:08 Message sent.
2019/07/31 09:28:09 Message sent.
2019/07/31 09:28:45 Message sent.
2019/07/31 09:30:45 Message sent.
2019/07/31 09:37:17 Starting bot v.1.3.0...
2019/07/31 09:37:17 Mattermost server http://192.168.3.182:8065 pinged successfully.
2019/07/31 09:37:17 Bot logged into the Mattermost server successfully.
2019/07/31 09:37:17 Bot has started.
2019/07/31 09:37:17 Bot has started.
2019/07/31 09:37:17 Created database table for booking.
2019/07/31 09:56:09 Starting bot v.1.3.0...
2019/07/31 09:56:09 Mattermost server http://192.168.3.182:8065 pinged successfully.
2019/07/31 09:56:09 Bot logged into the Mattermost server successfully.
2019/07/31 09:56:09 Bot has started.
2019/07/31 09:56:09 Bot has started.
2019/07/31 09:56:09 Created database table for booking.
2019/07/31 09:56:35 Message sent.
2019/07/31 09:56:41 Message sent.
2019/07/31 09:56:49 Message sent.
2019/07/31 09:57:03 Message sent.
2019/07/31 09:57:11 Message sent.
2019/07/31 09:57:16 Message sent.
2019/07/31 09:57:22 Message sent.
2019/07/31 09:58:41 Message sent.
2019/07/31 09:58:46 Message sent.
2019/07/31 09:58:52 Message sent.
2019/07/31 09:59:08 Message sent.
2019/07/31 09:59:18 Message sent.
2019/07/31 09:59:26 Message sent.
2019/07/31 09:59:33 Message sent.
2019/07/31 09:59:52 Message sent.
2019/07/31 10:15:09 Message sent.
2019/07/31 10:16:56 Message sent.
2019/07/31 10:18:44 Starting bot v.1.3.0...
2019/07/31 10:18:44 Mattermost server http://192.168.3.182:8065 pinged successfully.
2019/07/31 10:18:44 Bot logged into the Mattermost server successfully.
2019/07/31 10:18:44 Bot has started.
2019/07/31 10:18:44 Bot has started.
2019/07/31 10:18:44 Created database table for booking.
2019/07/31 10:19:01 Message sent.
2019/07/31 10:19:06 Message sent.
2019/07/31 10:19:12 Message sent.
2019/07/31 10:19:17 Message sent.
2019/07/31 10:19:20 Message sent.
2019/07/31 10:19:23 Message sent.
2019/07/31 10:19:25 Message sent.
2019/07/31 10:19:34 Message sent.
2019/07/31 10:19:39 Message sent.
2019/07/31 10:19:44 Message sent.
2019/07/31 10:19:46 Message sent.
2019/07/31 10:19:49 Message sent.
2019/07/31 10:19:51 Message sent.
2019/07/31 10:19:55 Message sent.
2019/07/31 10:19:57 Message sent.
2019/07/31 10:20:01 Message sent.
2019/07/31 10:20:08 Message sent.
2019/07/31 10:20:10 Message sent.
2019/07/31 10:20:11 Message sent.
2019/07/31 10:20:13 Message sent.
2019/07/31 10:25:21 Starting bot v.1.4.1...
2019/07/31 10:25:21 Mattermost server http://192.168.3.182:8065 pinged successfully.
2019/07/31 10:25:21 Bot logged into the Mattermost server successfully.
2019/07/31 10:25:21 Bot has started.
2019/07/31 10:25:21 Bot has started.
2019/07/31 10:25:21 Created database table for booking.
