2019/07/30 08:03:38 Starting bot v.1.2.1...
2019/07/30 08:03:38 Mattermost server http://192.168.3.182:8065 pinged successfully.
2019/07/30 08:03:39 Bot logged into the Mattermost server successfully.
2019/07/30 08:03:39 Bot has started.
2019/07/30 08:03:39 Bot has started.
2019/07/30 08:03:39 Created database table for booking.
2019/07/30 08:04:23 Message sent.
2019/07/30 08:04:31 Message sent.
2019/07/30 08:46:01 Starting bot v.1.2.1...
2019/07/30 08:46:01 Mattermost server http://192.168.3.182:8065 pinged successfully.
2019/07/30 08:46:02 Bot logged into the Mattermost server successfully.
2019/07/30 08:46:02 Bot has started.
2019/07/30 08:46:02 Bot has started.
2019/07/30 08:46:02 Created database table for booking.
2019/07/30 08:46:11 Message sent.
2019/07/30 08:46:16 Message sent.
2019/07/30 08:46:22 Message sent.
2019/07/30 08:46:27 Message sent.
2019/07/30 08:46:30 Message sent.
2019/07/30 08:46:32 Message sent.
2019/07/30 09:01:26 Starting bot v.1.2.1...
2019/07/30 09:01:26 Mattermost server http://192.168.3.182:8065 pinged successfully.
2019/07/30 09:01:26 Bot logged into the Mattermost server successfully.
2019/07/30 09:01:26 Bot has started.
2019/07/30 09:01:26 Bot has started.
2019/07/30 09:01:26 Created database table for booking.
2019/07/30 09:01:32 Message sent.
2019/07/30 09:01:35 Message sent.
2019/07/30 09:01:40 Message sent.
2019/07/30 09:01:51 Starting bot v.1.2.1...
2019/07/30 09:01:51 Mattermost server http://192.168.3.182:8065 pinged successfully.
2019/07/30 09:01:51 Bot logged into the Mattermost server successfully.
2019/07/30 09:01:51 Bot has started.
2019/07/30 09:01:51 Bot has started.
2019/07/30 09:01:51 Created database table for booking.
2019/07/30 09:02:00 Message sent.
2019/07/30 09:02:06 Message sent.
2019/07/30 09:03:54 Starting bot v.1.2.1...
2019/07/30 09:03:54 Mattermost server http://192.168.3.182:8065 pinged successfully.
2019/07/30 09:03:54 Bot logged into the Mattermost server successfully.
2019/07/30 09:03:54 Bot has started.
2019/07/30 09:03:54 Bot has started.
2019/07/30 09:03:54 Created database table for booking.
2019/07/30 09:04:05 Message sent.
2019/07/30 09:08:03 Message sent.
2019/07/30 09:08:06 Message sent.
2019/07/30 09:09:41 Message sent.
2019/07/30 09:10:05 Starting bot v.1.2.1...
2019/07/30 09:10:05 Mattermost server http://192.168.3.182:8065 pinged successfully.
2019/07/30 09:10:05 Bot logged into the Mattermost server successfully.
2019/07/30 09:10:05 Bot has started.
2019/07/30 09:10:05 Bot has started.
2019/07/30 09:10:05 Created database table for booking.
2019/07/30 09:10:09 Message sent.
2019/07/30 09:11:38 Starting bot v.1.2.1...
2019/07/30 09:11:38 Mattermost server http://192.168.3.182:8065 pinged successfully.
2019/07/30 09:11:38 Bot logged into the Mattermost server successfully.
2019/07/30 09:11:38 Bot has started.
2019/07/30 09:11:38 Bot has started.
2019/07/30 09:11:38 Created database table for booking.
2019/07/30 09:11:42 Message sent.
2019/07/30 09:11:53 Message sent.
2019/07/30 09:11:57 Message sent.
2019/07/30 09:12:08 Message sent.
2019/07/30 09:25:24 Starting bot v.1.2.1...
2019/07/30 09:25:24 Mattermost server http://192.168.3.182:8065 pinged successfully.
2019/07/30 09:25:24 Bot logged into the Mattermost server successfully.
2019/07/30 09:25:24 Bot has started.
2019/07/30 09:25:24 Bot has started.
2019/07/30 09:25:24 Created database table for booking.
2019/07/30 09:27:02 Starting bot v.1.2.1...
2019/07/30 09:27:02 Mattermost server http://192.168.3.182:8065 pinged successfully.
2019/07/30 09:27:02 Bot logged into the Mattermost server successfully.
2019/07/30 09:27:02 Bot has started.
2019/07/30 09:27:02 Bot has started.
2019/07/30 09:27:02 Created database table for booking.
2019/07/30 09:27:35 Starting bot v.1.2.1...
2019/07/30 09:27:35 Mattermost server http://192.168.3.182:8065 pinged successfully.
2019/07/30 09:27:35 Bot logged into the Mattermost server successfully.
2019/07/30 09:27:35 Bot has started.
2019/07/30 09:27:35 Bot has started.
2019/07/30 09:27:35 Created database table for booking.
2019/07/30 09:27:45 Message sent.
2019/07/30 09:28:42 Starting bot v.1.2.1...
2019/07/30 09:28:42 Mattermost server http://192.168.3.182:8065 pinged successfully.
2019/07/30 09:28:42 Bot logged into the Mattermost server successfully.
2019/07/30 09:28:42 Bot has started.
2019/07/30 09:28:42 Bot has started.
2019/07/30 09:28:42 Created database table for booking.
2019/07/30 09:28:44 Message sent.
2019/07/30 09:31:11 Starting bot v.1.2.1...
2019/07/30 09:31:11 Mattermost server http://192.168.3.182:8065 pinged successfully.
2019/07/30 09:31:11 Bot logged into the Mattermost server successfully.
2019/07/30 09:31:12 Bot has started.
2019/07/30 09:31:12 Bot has started.
2019/07/30 09:31:12 Created database table for booking.
2019/07/30 09:31:16 Message sent.
2019/07/30 10:18:57 Starting bot v.1.2.1...
2019/07/30 10:18:57 Mattermost server http://192.168.3.182:8065 pinged successfully.
2019/07/30 10:18:57 Bot logged into the Mattermost server successfully.
2019/07/30 10:18:57 Bot has started.
2019/07/30 10:18:57 Bot has started.
2019/07/30 10:18:57 Created database table for booking.
2019/07/30 10:23:49 Starting bot v.1.2.1...
2019/07/30 10:23:49 Mattermost server http://192.168.3.182:8065 pinged successfully.
2019/07/30 10:23:49 Bot logged into the Mattermost server successfully.
2019/07/30 10:23:49 Bot has started.
2019/07/30 10:23:49 Bot has started.
2019/07/30 10:23:49 Created database table for booking.
2019/07/30 11:11:19 Starting bot v.1.2.1...
2019/07/30 11:11:19 Mattermost server http://192.168.3.182:8065 pinged successfully.
2019/07/30 11:11:19 Bot logged into the Mattermost server successfully.
2019/07/30 11:11:19 Bot has started.
2019/07/30 11:11:19 Bot has started.
2019/07/30 11:11:19 Created database table for booking.
2019/07/30 11:11:40 Starting bot v.1.2.1...
2019/07/30 11:11:40 Mattermost server http://192.168.3.182:8065 pinged successfully.
2019/07/30 11:11:40 Bot logged into the Mattermost server successfully.
2019/07/30 11:11:40 Bot has started.
2019/07/30 11:11:40 Bot has started.
2019/07/30 11:11:40 Created database table for booking.
2019/07/30 11:12:42 Starting bot v.1.2.1...
2019/07/30 11:12:42 Mattermost server http://192.168.3.182:8065 pinged successfully.
2019/07/30 11:12:42 Bot logged into the Mattermost server successfully.
2019/07/30 11:12:42 Bot has started.
2019/07/30 11:12:42 Bot has started.
2019/07/30 11:12:42 Created database table for booking.
2019/07/30 11:14:54 Starting bot v.1.3.0...
2019/07/30 11:14:54 Mattermost server http://192.168.3.182:8065 pinged successfully.
2019/07/30 11:14:54 Bot logged into the Mattermost server successfully.
2019/07/30 11:14:54 Bot has started.
2019/07/30 11:14:54 Bot has started.
2019/07/30 11:14:54 Created database table for booking.
