2019/07/25 11:16:33 Starting bot v.1.0.7.3...
2019/07/25 11:16:34 Mattermost server https://irc.rekord.com.pl:443 detected and running ver. 5.12.0.5.12.0.4c62a25dcc2056e27bfdee5c0fccddbd.false.
2019/07/25 11:16:34 Bot logged into the Mattermost server successfully.
2019/07/25 11:16:34 Websocket client connected successfully.
2019/07/25 11:16:34 Bot has started.
2019/07/25 11:17:39 Websocket ping timeout.
2019/07/25 11:17:39 Mattermost server https://irc.rekord.com.pl:443 detected and running ver. 5.12.0.5.12.0.4c62a25dcc2056e27bfdee5c0fccddbd.false.
2019/07/25 11:17:39 Bot logged into the Mattermost server successfully.
2019/07/25 11:17:39 Websocket client connected successfully.
2019/07/25 11:18:44 Websocket ping timeout.
2019/07/25 11:18:44 Mattermost server https://irc.rekord.com.pl:443 detected and running ver. 5.12.0.5.12.0.4c62a25dcc2056e27bfdee5c0fccddbd.false.
2019/07/25 11:18:44 Bot logged into the Mattermost server successfully.
2019/07/25 11:18:44 Websocket client connected successfully.
2019/07/25 11:22:49 Websocket ping timeout.
2019/07/25 11:22:49 Mattermost server https://irc.rekord.com.pl:443 detected and running ver. 5.12.0.5.12.0.4c62a25dcc2056e27bfdee5c0fccddbd.false.
2019/07/25 11:22:49 Bot logged into the Mattermost server successfully.
2019/07/25 11:22:49 Websocket client connected successfully.
2019/07/25 11:25:54 Websocket ping timeout.
2019/07/25 11:25:54 Mattermost server https://irc.rekord.com.pl:443 detected and running ver. 5.12.0.5.12.0.4c62a25dcc2056e27bfdee5c0fccddbd.false.
2019/07/25 11:25:54 Bot logged into the Mattermost server successfully.
2019/07/25 11:25:54 Websocket client connected successfully.
2019/07/25 11:26:59 Websocket ping timeout.
2019/07/25 11:26:59 Mattermost server https://irc.rekord.com.pl:443 detected and running ver. 5.12.0.5.12.0.4c62a25dcc2056e27bfdee5c0fccddbd.false.
2019/07/25 11:26:59 Bot logged into the Mattermost server successfully.
2019/07/25 11:27:00 Websocket client connected successfully.
2019/07/25 11:28:05 Websocket ping timeout.
2019/07/25 11:28:05 Mattermost server https://irc.rekord.com.pl:443 detected and running ver. 5.12.0.5.12.0.4c62a25dcc2056e27bfdee5c0fccddbd.false.
2019/07/25 11:28:05 Bot logged into the Mattermost server successfully.
2019/07/25 11:28:05 Websocket client connected successfully.
2019/07/25 11:29:10 Websocket ping timeout.
2019/07/25 11:29:10 Mattermost server https://irc.rekord.com.pl:443 detected and running ver. 5.12.0.5.12.0.4c62a25dcc2056e27bfdee5c0fccddbd.false.
2019/07/25 11:29:10 Bot logged into the Mattermost server successfully.
2019/07/25 11:29:10 Websocket client connected successfully.
2019/07/25 11:30:15 Websocket ping timeout.
2019/07/25 11:30:15 Mattermost server https://irc.rekord.com.pl:443 detected and running ver. 5.12.0.5.12.0.4c62a25dcc2056e27bfdee5c0fccddbd.false.
2019/07/25 11:30:15 Bot logged into the Mattermost server successfully.
2019/07/25 11:30:15 Websocket client connected successfully.
2019/07/25 11:30:59 Message sent.
2019/07/25 11:31:02 Message sent.
2019/07/25 11:31:27 Message sent.
