2019/07/30 09:31:33 Starting bot v.1.2.1...
2019/07/30 09:31:33 Mattermost server http://192.168.3.182:8065 pinged successfully.
2019/07/30 09:31:33 Bot logged into the Mattermost server successfully.
2019/07/30 09:31:33 Bot has started.
2019/07/30 09:31:33 Bot has started.
2019/07/30 09:31:33 Created database table for booking.
2019/07/30 09:31:39 Message sent.
2019/07/30 10:02:22 Starting bot v.1.2.1...
2019/07/30 10:02:22 Mattermost server http://192.168.3.182:8065 pinged successfully.
2019/07/30 10:02:22 Bot logged into the Mattermost server successfully.
2019/07/30 10:02:22 Bot has started.
2019/07/30 10:02:22 Bot has started.
2019/07/30 10:02:22 Created database table for booking.
2019/07/30 10:04:13 Starting bot v.1.2.1...
2019/07/30 10:04:13 Mattermost server http://192.168.3.182:8065 pinged successfully.
2019/07/30 10:04:13 Bot logged into the Mattermost server successfully.
2019/07/30 10:04:13 Bot has started.
2019/07/30 10:04:13 Bot has started.
2019/07/30 10:04:13 Created database table for booking.
2019/07/30 10:06:32 Starting bot v.1.2.1...
2019/07/30 10:06:32 Mattermost server http://192.168.3.182:8065 pinged successfully.
2019/07/30 10:06:32 Bot logged into the Mattermost server successfully.
2019/07/30 10:06:32 Bot has started.
2019/07/30 10:06:32 Bot has started.
2019/07/30 10:06:32 Created database table for booking.
2019/07/30 10:08:50 Starting bot v.1.2.1...
2019/07/30 10:08:50 Mattermost server http://192.168.3.182:8065 pinged successfully.
2019/07/30 10:08:50 Bot logged into the Mattermost server successfully.
2019/07/30 10:08:50 Bot has started.
2019/07/30 10:08:50 Bot has started.
2019/07/30 10:08:50 Created database table for booking.
2019/07/30 10:10:31 Starting bot v.1.2.1...
2019/07/30 10:10:31 Mattermost server http://192.168.3.182:8065 pinged successfully.
2019/07/30 10:10:31 Bot logged into the Mattermost server successfully.
2019/07/30 10:10:31 Bot has started.
2019/07/30 10:10:31 Bot has started.
2019/07/30 10:10:31 Created database table for booking.
2019/07/30 10:10:55 Starting bot v.1.2.1...
2019/07/30 10:10:55 Mattermost server http://192.168.3.182:8065 pinged successfully.
2019/07/30 10:10:55 Bot logged into the Mattermost server successfully.
2019/07/30 10:10:55 Bot has started.
2019/07/30 10:10:55 Bot has started.
2019/07/30 10:10:55 Created database table for booking.
2019/07/30 10:12:33 Starting bot v.1.2.1...
2019/07/30 10:12:33 Mattermost server http://192.168.3.182:8065 pinged successfully.
2019/07/30 10:12:33 Bot logged into the Mattermost server successfully.
2019/07/30 10:12:33 Bot has started.
2019/07/30 10:12:33 Bot has started.
2019/07/30 10:12:33 Created database table for booking.
2019/07/30 10:15:45 Starting bot v.1.2.1...
2019/07/30 10:15:45 Mattermost server http://192.168.3.182:8065 pinged successfully.
2019/07/30 10:15:45 Bot logged into the Mattermost server successfully.
2019/07/30 10:15:45 Bot has started.
2019/07/30 10:15:45 Bot has started.
2019/07/30 10:15:45 Created database table for booking.
2019/07/30 10:18:33 Starting bot v.1.2.1...
2019/07/30 10:18:33 Mattermost server http://192.168.3.182:8065 pinged successfully.
2019/07/30 10:18:33 Bot logged into the Mattermost server successfully.
2019/07/30 10:18:33 Bot has started.
2019/07/30 10:18:33 Bot has started.
2019/07/30 10:18:33 Created database table for booking.
2019/07/30 10:24:41 Starting bot v.1.2.1...
2019/07/30 10:24:41 Mattermost server http://192.168.3.182:8065 pinged successfully.
2019/07/30 10:24:41 Bot logged into the Mattermost server successfully.
2019/07/30 10:24:41 Bot has started.
2019/07/30 10:24:41 Bot has started.
2019/07/30 10:24:41 Created database table for booking.
2019/07/30 10:25:09 Starting bot v.1.2.1...
2019/07/30 10:25:09 Mattermost server http://192.168.3.182:8065 pinged successfully.
2019/07/30 10:25:09 Bot logged into the Mattermost server successfully.
2019/07/30 10:25:09 Bot has started.
2019/07/30 10:25:09 Bot has started.
2019/07/30 10:25:09 Created database table for booking.
2019/07/30 10:26:16 Starting bot v.1.2.1...
2019/07/30 10:26:16 Mattermost server http://192.168.3.182:8065 pinged successfully.
2019/07/30 10:26:16 Bot logged into the Mattermost server successfully.
2019/07/30 10:26:16 Bot has started.
2019/07/30 10:26:16 Bot has started.
2019/07/30 10:26:16 Created database table for booking.
2019/07/30 10:32:55 Starting bot v.1.2.1...
2019/07/30 10:32:55 Mattermost server http://192.168.3.182:8065 pinged successfully.
2019/07/30 10:32:55 Bot logged into the Mattermost server successfully.
2019/07/30 10:32:55 Bot has started.
2019/07/30 10:32:55 Bot has started.
2019/07/30 10:32:55 Created database table for booking.
2019/07/30 10:33:05 Message sent.
2019/07/30 10:33:14 Message sent.
2019/07/30 10:33:26 Message sent.
2019/07/30 10:33:28 Message sent.
2019/07/30 10:33:34 Message sent.
2019/07/30 10:33:35 Message sent.
2019/07/30 10:33:36 Message sent.
2019/07/30 10:33:37 Message sent.
2019/07/30 10:33:40 Message sent.
2019/07/30 10:33:41 Message sent.
2019/07/30 10:33:42 Message sent.
2019/07/30 10:33:43 Message sent.
2019/07/30 10:33:44 Message sent.
2019/07/30 10:35:50 Starting bot v.1.2.1...
2019/07/30 10:35:50 Mattermost server http://192.168.3.182:8065 pinged successfully.
2019/07/30 10:35:50 Bot logged into the Mattermost server successfully.
2019/07/30 10:35:50 Bot has started.
2019/07/30 10:35:50 Bot has started.
2019/07/30 10:35:50 Created database table for booking.
2019/07/30 10:35:53 Message sent.
2019/07/30 10:35:55 Message sent.
2019/07/30 10:35:57 Message sent.
2019/07/30 10:35:57 Message sent.
2019/07/30 10:35:58 Message sent.
2019/07/30 10:35:58 Message sent.
2019/07/30 10:35:58 Message sent.
2019/07/30 10:35:58 Message sent.
2019/07/30 10:35:58 Message sent.
2019/07/30 10:35:59 Message sent.
2019/07/30 10:35:59 Message sent.
2019/07/30 10:35:59 Message sent.
2019/07/30 10:35:59 Message sent.
2019/07/30 10:36:00 Message sent.
2019/07/30 10:36:00 Message sent.
2019/07/30 10:36:00 Message sent.
2019/07/30 10:36:03 Message sent.
2019/07/30 10:36:04 Message sent.
2019/07/30 10:36:05 Message sent.
2019/07/30 10:36:06 Message sent.
2019/07/30 10:36:06 Message sent.
2019/07/30 10:36:06 Message sent.
2019/07/30 10:36:07 Message sent.
2019/07/30 10:36:07 Message sent.
2019/07/30 10:36:08 Message sent.
2019/07/30 10:36:09 Message sent.
2019/07/30 10:36:09 Message sent.
2019/07/30 10:36:09 Message sent.
2019/07/30 10:36:10 Message sent.
2019/07/30 10:36:10 Message sent.
2019/07/30 10:36:10 Message sent.
2019/07/30 10:36:10 Message sent.
2019/07/30 10:36:11 Message sent.
2019/07/30 10:36:11 Message sent.
2019/07/30 10:36:11 Message sent.
2019/07/30 10:36:11 Message sent.
2019/07/30 10:39:44 Starting bot v.1.2.1...
2019/07/30 10:39:44 Mattermost server http://192.168.3.182:8065 pinged successfully.
2019/07/30 10:39:45 Bot logged into the Mattermost server successfully.
2019/07/30 10:39:45 Bot has started.
2019/07/30 10:39:45 Bot has started.
2019/07/30 10:39:45 Created database table for booking.
2019/07/30 10:39:56 Message sent.
2019/07/30 10:40:02 Message sent.
2019/07/30 10:40:04 Message sent.
2019/07/30 10:40:05 Message sent.
2019/07/30 10:40:06 Message sent.
2019/07/30 10:40:07 Message sent.
2019/07/30 10:40:08 Message sent.
2019/07/30 10:40:09 Message sent.
2019/07/30 10:40:10 Message sent.
2019/07/30 10:40:11 Message sent.
2019/07/30 10:40:11 Message sent.
2019/07/30 10:42:44 Starting bot v.1.2.1...
2019/07/30 10:42:44 Mattermost server http://192.168.3.182:8065 pinged successfully.
2019/07/30 10:42:44 Bot logged into the Mattermost server successfully.
2019/07/30 10:42:44 Bot has started.
2019/07/30 10:42:44 Bot has started.
2019/07/30 10:42:44 Created database table for booking.
2019/07/30 10:47:01 Starting bot v.1.2.1...
2019/07/30 10:47:01 Mattermost server http://192.168.3.182:8065 pinged successfully.
2019/07/30 10:47:01 Bot logged into the Mattermost server successfully.
2019/07/30 10:47:01 Bot has started.
2019/07/30 10:47:01 Bot has started.
2019/07/30 10:47:01 Created database table for booking.
2019/07/30 10:47:08 Message sent.
2019/07/30 10:47:29 Message sent.
2019/07/30 10:51:19 Starting bot v.1.2.1...
2019/07/30 10:51:19 Mattermost server http://192.168.3.182:8065 pinged successfully.
2019/07/30 10:51:20 Bot logged into the Mattermost server successfully.
2019/07/30 10:51:20 Bot has started.
2019/07/30 10:51:20 Bot has started.
2019/07/30 10:51:20 Created database table for booking.
2019/07/30 10:51:29 Message sent.
2019/07/30 10:51:31 Message sent.
2019/07/30 10:51:33 Message sent.
2019/07/30 10:51:33 Message sent.
2019/07/30 10:51:34 Message sent.
2019/07/30 10:51:34 Message sent.
2019/07/30 10:51:35 Message sent.
2019/07/30 10:51:35 Message sent.
2019/07/30 10:51:35 Message sent.
2019/07/30 10:51:36 Message sent.
2019/07/30 10:51:36 Message sent.
2019/07/30 10:51:36 Message sent.
2019/07/30 10:51:37 Message sent.
2019/07/30 10:51:38 Message sent.
2019/07/30 10:51:39 Message sent.
2019/07/30 10:51:40 Message sent.
2019/07/30 10:51:41 Message sent.
2019/07/30 10:51:42 Message sent.
2019/07/30 10:51:43 Message sent.
2019/07/30 10:51:43 Message sent.
2019/07/30 10:51:43 Message sent.
2019/07/30 10:51:44 Message sent.
2019/07/30 10:51:44 Message sent.
2019/07/30 10:51:44 Message sent.
2019/07/30 10:51:44 Message sent.
2019/07/30 10:52:28 Message sent.
2019/07/30 10:52:33 Message sent.
2019/07/30 10:52:39 Message sent.
2019/07/30 10:52:52 Message sent.
2019/07/30 10:53:02 Message sent.
2019/07/30 10:53:10 Message sent.
2019/07/30 10:59:28 Starting bot v.1.2.1...
2019/07/30 10:59:28 Mattermost server http://192.168.3.182:8065 pinged successfully.
2019/07/30 10:59:28 Bot logged into the Mattermost server successfully.
2019/07/30 10:59:28 Bot has started.
2019/07/30 10:59:28 Bot has started.
2019/07/30 10:59:28 Created database table for booking.
2019/07/30 10:59:40 Message sent.
2019/07/30 10:59:42 Message sent.
2019/07/30 10:59:43 Message sent.
2019/07/30 10:59:44 Message sent.
2019/07/30 10:59:45 Message sent.
2019/07/30 11:05:20 Starting bot v.1.2.1...
2019/07/30 11:05:20 Mattermost server http://192.168.3.182:8065 pinged successfully.
2019/07/30 11:05:20 Bot logged into the Mattermost server successfully.
2019/07/30 11:05:21 Bot has started.
2019/07/30 11:05:21 Bot has started.
2019/07/30 11:05:21 Created database table for booking.
2019/07/30 11:05:44 Message sent.
2019/07/30 11:05:49 Message sent.
2019/07/30 11:05:59 Message sent.
2019/07/30 11:06:12 Message sent.
2019/07/30 11:06:13 Message sent.
2019/07/30 11:06:14 Message sent.
2019/07/30 11:06:15 Message sent.
2019/07/30 11:06:17 Message sent.
2019/07/30 11:06:18 Message sent.
2019/07/30 11:06:19 Message sent.
2019/07/30 11:06:20 Message sent.
2019/07/30 11:06:20 Message sent.
2019/07/30 11:06:21 Message sent.
2019/07/30 11:06:22 Message sent.
2019/07/30 11:06:22 Message sent.
2019/07/30 11:06:23 Message sent.
2019/07/30 11:06:24 Message sent.
2019/07/30 11:06:25 Message sent.
2019/07/30 11:06:25 Message sent.
2019/07/30 11:06:26 Message sent.
2019/07/30 11:06:27 Message sent.
2019/07/30 11:06:27 Message sent.
2019/07/30 11:06:28 Message sent.
2019/07/30 11:06:29 Message sent.
2019/07/30 11:06:30 Message sent.
2019/07/30 11:06:30 Message sent.
2019/07/30 11:06:31 Message sent.
2019/07/30 11:06:32 Message sent.
2019/07/30 11:06:33 Message sent.
2019/07/30 11:06:33 Message sent.
2019/07/30 11:06:34 Message sent.
2019/07/30 11:06:35 Message sent.
2019/07/30 11:06:35 Message sent.
2019/07/30 11:06:36 Message sent.
2019/07/30 11:06:37 Message sent.
2019/07/30 11:32:39 Starting bot v.1.3.0...
2019/07/30 11:32:39 Mattermost server http://192.168.3.182:8065 pinged successfully.
2019/07/30 11:32:39 Bot logged into the Mattermost server successfully.
2019/07/30 11:32:39 Bot has started.
2019/07/30 11:32:39 Bot has started.
2019/07/30 11:32:39 Created database table for booking.
2019/07/30 11:32:45 Message sent.
2019/07/30 11:37:20 Starting bot v.1.3.0...
2019/07/30 11:37:20 Mattermost server http://192.168.3.182:8065 pinged successfully.
2019/07/30 11:37:20 Bot logged into the Mattermost server successfully.
2019/07/30 11:37:20 Bot has started.
2019/07/30 11:37:20 Bot has started.
2019/07/30 11:37:20 Created database table for booking.
2019/07/30 11:37:31 Message sent.
2019/07/30 11:38:11 Message sent.
2019/07/30 11:42:00 Starting bot v.1.3.0...
2019/07/30 11:42:00 Mattermost server http://192.168.3.182:8065 pinged successfully.
2019/07/30 11:42:00 Bot logged into the Mattermost server successfully.
2019/07/30 11:42:00 Bot has started.
2019/07/30 11:42:00 Bot has started.
2019/07/30 11:42:00 Created database table for booking.
2019/07/30 11:42:13 Message sent.
2019/07/30 11:42:28 Message sent.
2019/07/30 11:43:00 Message sent.
2019/07/30 11:43:42 Message sent.
2019/07/30 11:45:05 Starting bot v.1.3.0...
2019/07/30 11:45:05 Mattermost server http://192.168.3.182:8065 pinged successfully.
2019/07/30 11:45:05 Bot logged into the Mattermost server successfully.
2019/07/30 11:45:05 Bot has started.
2019/07/30 11:45:05 Bot has started.
2019/07/30 11:45:05 Created database table for booking.
2019/07/30 11:45:12 Message sent.
2019/07/30 11:45:37 Message sent.
2019/07/30 11:48:36 Starting bot v.1.3.0...
2019/07/30 11:48:36 Mattermost server http://192.168.3.182:8065 pinged successfully.
2019/07/30 11:48:36 Bot logged into the Mattermost server successfully.
2019/07/30 11:48:36 Bot has started.
2019/07/30 11:48:36 Bot has started.
2019/07/30 11:48:36 Created database table for booking.
2019/07/30 11:48:51 Message sent.
2019/07/30 11:48:57 Message sent.
2019/07/30 11:50:14 Starting bot v.1.3.0...
2019/07/30 11:50:14 Mattermost server http://192.168.3.182:8065 pinged successfully.
2019/07/30 11:50:14 Bot logged into the Mattermost server successfully.
2019/07/30 11:50:14 Bot has started.
2019/07/30 11:50:14 Bot has started.
2019/07/30 11:50:14 Created database table for booking.
2019/07/30 11:50:24 Message sent.
2019/07/30 11:50:40 Message sent.
2019/07/30 11:51:15 Message sent.
2019/07/30 11:51:31 Message sent.
2019/07/30 11:51:35 Message sent.
2019/07/30 11:51:42 Message sent.
2019/07/30 11:52:02 Message sent.
2019/07/30 11:58:46 Starting bot v.1.3.0...
2019/07/30 11:58:46 Mattermost server http://192.168.3.182:8065 pinged successfully.
2019/07/30 11:58:46 Bot logged into the Mattermost server successfully.
2019/07/30 11:58:46 Bot has started.
2019/07/30 11:58:46 Bot has started.
2019/07/30 11:58:46 Created database table for booking.
2019/07/30 11:58:57 Message sent.
2019/07/30 11:59:32 Starting bot v.1.3.0...
2019/07/30 11:59:32 Mattermost server http://192.168.3.182:8065 pinged successfully.
2019/07/30 11:59:32 Bot logged into the Mattermost server successfully.
2019/07/30 11:59:32 Bot has started.
2019/07/30 11:59:32 Bot has started.
2019/07/30 11:59:32 Created database table for booking.
2019/07/30 11:59:39 Message sent.
2019/07/30 11:59:58 Message sent.
